-------------------------------------------------------------------------------
Test set: Scenario: Create ad with invalid phone number
-------------------------------------------------------------------------------
Tests run: 6, Failures: 0, Errors: 2, Skipped: 0, Time elapsed: 98.098 s <<< FAILURE! - in Scenario: Create ad with invalid phone number
Then the user is informed that the title can't be empty(Scenario: Create ad with invalid phone number)  Time elapsed: 0.011 s  <<< ERROR!
org.openqa.selenium.NoSuchElementException: 
An element could not be located on the page using the given search parameters. (WARNING: The server did not provide any stacktrace information)
Command duration or timeout: 0 milliseconds
For documentation on this error, please visit: https://www.seleniumhq.org/exceptions/no_such_element.html
Build info: version: '3.141.59', revision: 'e82be7d358', time: '2018-11-14T08:17:03'
System info: host: 'EN911114', ip: '172.20.81.11', os.name: 'Windows 10', os.arch: 'amd64', os.version: '10.0', java.version: '1.8.0_241'
Driver info: io.appium.java_client.android.AndroidDriver
Capabilities {app: /tmp/tmp7aLtFM/ebay.apk, appPackage: com.ebay.kijiji.ca, databaseEnabled: false, desired: {app: /tmp/tmp7aLtFM/ebay.apk, deviceName: Google Pixel 3 XL GoogleAPI..., eventTimings: true, maxTypingFrequency: 8, newCommandTimeout: 0, noReset: true, noSign: true, orientation: PORTRAIT, platformName: Android, platformVersion: 9.0, proxy: {proxyAutoconfigUrl: http://127.0.0.1:19876/pac.js, proxyType: PAC}, udid: emulator-5554, webdriver.remote.quietExceptions: false}, deviceApiLevel: 28, deviceManufacturer: Google, deviceModel: Android SDK built for x86_64, deviceName: emulator-5554, deviceScreenDensity: 480, deviceScreenSize: 1440x2960, deviceUDID: emulator-5554, eventTimings: true, hasMetadata: true, javascriptEnabled: true, locationContextEnabled: false, maxTypingFrequency: 8, networkConnectionEnabled: true, newCommandTimeout: 0, noReset: true, noSign: true, orientation: PORTRAIT, pixelRatio: 3, platform: LINUX, platformName: Android, platformVersion: 9, proxy: Proxy(pac: http://127.0.0.1..., statBarHeight: 72, takesScreenshot: true, udid: emulator-5554, viewportRect: {height: 2744, left: 0, top: 72, width: 1440}, warnings: {}, webStorageEnabled: false, webdriver.remote.quietExceptions: false, webdriver.remote.sessionid: ebde8e29e6694b95b462f3bde75...}
Session ID: ebde8e29e6694b95b462f3bde75e6d8f
*** Element info: {Using=id, value=com.ebay.kijiji.ca:id/titleEditText}

Scenario: Create ad with invalid phone number  Time elapsed: 0 s  <<< ERROR!
org.openqa.selenium.NoSuchElementException: 
An element could not be located on the page using the given search parameters. (WARNING: The server did not provide any stacktrace information)
Command duration or timeout: 0 milliseconds
For documentation on this error, please visit: https://www.seleniumhq.org/exceptions/no_such_element.html
Build info: version: '3.141.59', revision: 'e82be7d358', time: '2018-11-14T08:17:03'
System info: host: 'EN911114', ip: '172.20.81.11', os.name: 'Windows 10', os.arch: 'amd64', os.version: '10.0', java.version: '1.8.0_241'
Driver info: io.appium.java_client.android.AndroidDriver
Capabilities {app: /tmp/tmp7aLtFM/ebay.apk, appPackage: com.ebay.kijiji.ca, databaseEnabled: false, desired: {app: /tmp/tmp7aLtFM/ebay.apk, deviceName: Google Pixel 3 XL GoogleAPI..., eventTimings: true, maxTypingFrequency: 8, newCommandTimeout: 0, noReset: true, noSign: true, orientation: PORTRAIT, platformName: Android, platformVersion: 9.0, proxy: {proxyAutoconfigUrl: http://127.0.0.1:19876/pac.js, proxyType: PAC}, udid: emulator-5554, webdriver.remote.quietExceptions: false}, deviceApiLevel: 28, deviceManufacturer: Google, deviceModel: Android SDK built for x86_64, deviceName: emulator-5554, deviceScreenDensity: 480, deviceScreenSize: 1440x2960, deviceUDID: emulator-5554, eventTimings: true, hasMetadata: true, javascriptEnabled: true, locationContextEnabled: false, maxTypingFrequency: 8, networkConnectionEnabled: true, newCommandTimeout: 0, noReset: true, noSign: true, orientation: PORTRAIT, pixelRatio: 3, platform: LINUX, platformName: Android, platformVersion: 9, proxy: Proxy(pac: http://127.0.0.1..., statBarHeight: 72, takesScreenshot: true, udid: emulator-5554, viewportRect: {height: 2744, left: 0, top: 72, width: 1440}, warnings: {}, webStorageEnabled: false, webdriver.remote.quietExceptions: false, webdriver.remote.sessionid: ebde8e29e6694b95b462f3bde75...}
Session ID: ebde8e29e6694b95b462f3bde75e6d8f
*** Element info: {Using=id, value=com.ebay.kijiji.ca:id/titleEditText}

