<?xml version="1.0" encoding="UTF-8"?>
<testsuite xmlns:xsi="http://www.w3.org/2001/XMLSchema-instance" xsi:noNamespaceSchemaLocation="https://maven.apache.org/surefire/maven-surefire-plugin/xsd/surefire-test-report.xsd" name="Scenario: Create ad with invalid phone number" time="98.098" tests="6" errors="2" skipped="0" failures="0">
  <properties>
[...]
</properties>
  <testcase name="Scenario: Create ad with invalid phone number" classname="Scenario: Create ad with invalid phone number" time="0"/>
  <testcase name="Scenario: Create ad with invalid phone number" classname="Scenario: Create ad with invalid phone number" time="0">
    <error message="An element could not be located on the page using the given search parameters. (WARNING: The server did not provide any stacktrace information)&#10;Command duration or timeout: 0 milliseconds&#10;For documentation on this error, please visit: https://www.seleniumhq.org/exceptions/no_such_element.html&#10;Build info: version: &apos;3.141.59&apos;, revision: &apos;e82be7d358&apos;, time: &apos;2018-11-14T08:17:03&apos;&#10;System info: host: &apos;EN911114&apos;, ip: &apos;172.20.81.11&apos;, os.name: &apos;Windows 10&apos;, os.arch: &apos;amd64&apos;, os.version: &apos;10.0&apos;, java.version: &apos;1.8.0_241&apos;&#10;Driver info: io.appium.java_client.android.AndroidDriver&#10;Capabilities {app: /tmp/tmp7aLtFM/ebay.apk, appPackage: com.ebay.kijiji.ca, databaseEnabled: false, desired: {app: /tmp/tmp7aLtFM/ebay.apk, deviceName: Google Pixel 3 XL GoogleAPI..., eventTimings: true, maxTypingFrequency: 8, newCommandTimeout: 0, noReset: true, noSign: true, orientation: PORTRAIT, platformName: Android, platformVersion: 9.0, proxy: {proxyAutoconfigUrl: http://127.0.0.1:19876/pac.js, proxyType: PAC}, udid: emulator-5554, webdriver.remote.quietExceptions: false}, deviceApiLevel: 28, deviceManufacturer: Google, deviceModel: Android SDK built for x86_64, deviceName: emulator-5554, deviceScreenDensity: 480, deviceScreenSize: 1440x2960, deviceUDID: emulator-5554, eventTimings: true, hasMetadata: true, javascriptEnabled: true, locationContextEnabled: false, maxTypingFrequency: 8, networkConnectionEnabled: true, newCommandTimeout: 0, noReset: true, noSign: true, orientation: PORTRAIT, pixelRatio: 3, platform: LINUX, platformName: Android, platformVersion: 9, proxy: Proxy(pac: http://127.0.0.1..., statBarHeight: 72, takesScreenshot: true, udid: emulator-5554, viewportRect: {height: 2744, left: 0, top: 72, width: 1440}, warnings: {}, webStorageEnabled: false, webdriver.remote.quietExceptions: false, webdriver.remote.sessionid: ebde8e29e6694b95b462f3bde75...}&#10;Session ID: ebde8e29e6694b95b462f3bde75e6d8f&#10;*** Element info: {Using=id, value=com.ebay.kijiji.ca:id/titleEditText}" type="org.openqa.selenium.NoSuchElementException">org.openqa.selenium.NoSuchElementException: 
An element could not be located on the page using the given search parameters. (WARNING: The server did not provide any stacktrace information)
Command duration or timeout: 0 milliseconds
For documentation on this error, please visit: https://www.seleniumhq.org/exceptions/no_such_element.html
Build info: version: '3.141.59', revision: 'e82be7d358', time: '2018-11-14T08:17:03'
System info: host: 'EN911114', ip: '172.20.81.11', os.name: 'Windows 10', os.arch: 'amd64', os.version: '10.0', java.version: '1.8.0_241'
Driver info: io.appium.java_client.android.AndroidDriver
Capabilities {app: /tmp/tmp7aLtFM/ebay.apk, appPackage: com.ebay.kijiji.ca, databaseEnabled: false, desired: {app: /tmp/tmp7aLtFM/ebay.apk, deviceName: Google Pixel 3 XL GoogleAPI..., eventTimings: true, maxTypingFrequency: 8, newCommandTimeout: 0, noReset: true, noSign: true, orientation: PORTRAIT, platformName: Android, platformVersion: 9.0, proxy: {proxyAutoconfigUrl: http://127.0.0.1:19876/pac.js, proxyType: PAC}, udid: emulator-5554, webdriver.remote.quietExceptions: false}, deviceApiLevel: 28, deviceManufacturer: Google, deviceModel: Android SDK built for x86_64, deviceName: emulator-5554, deviceScreenDensity: 480, deviceScreenSize: 1440x2960, deviceUDID: emulator-5554, eventTimings: true, hasMetadata: true, javascriptEnabled: true, locationContextEnabled: false, maxTypingFrequency: 8, networkConnectionEnabled: true, newCommandTimeout: 0, noReset: true, noSign: true, orientation: PORTRAIT, pixelRatio: 3, platform: LINUX, platformName: Android, platformVersion: 9, proxy: Proxy(pac: http://127.0.0.1..., statBarHeight: 72, takesScreenshot: true, udid: emulator-5554, viewportRect: {height: 2744, left: 0, top: 72, width: 1440}, warnings: {}, webStorageEnabled: false, webdriver.remote.quietExceptions: false, webdriver.remote.sessionid: ebde8e29e6694b95b462f3bde75...}
Session ID: ebde8e29e6694b95b462f3bde75e6d8f
*** Element info: {Using=id, value=com.ebay.kijiji.ca:id/titleEditText}
</error>
  </testcase>
  <testcase name="Given the user is authenticated" classname="Scenario: Create ad with invalid phone number" time="0"/>
  <testcase name="Given the user wants to create a new ad" classname="Scenario: Create ad with invalid phone number" time="0"/>
  <testcase name="When the user enters the data to create the ad with invalid phone number" classname="Scenario: Create ad with invalid phone number" time="0"/>
  <testcase name="Then the user is informed that the title can&apos;t be empty" classname="Scenario: Create ad with invalid phone number" time="0.011">
    <error message="An element could not be located on the page using the given search parameters. (WARNING: The server did not provide any stacktrace information)&#10;Command duration or timeout: 0 milliseconds&#10;For documentation on this error, please visit: https://www.seleniumhq.org/exceptions/no_such_element.html&#10;Build info: version: &apos;3.141.59&apos;, revision: &apos;e82be7d358&apos;, time: &apos;2018-11-14T08:17:03&apos;&#10;System info: host: &apos;EN911114&apos;, ip: &apos;172.20.81.11&apos;, os.name: &apos;Windows 10&apos;, os.arch: &apos;amd64&apos;, os.version: &apos;10.0&apos;, java.version: &apos;1.8.0_241&apos;&#10;Driver info: io.appium.java_client.android.AndroidDriver&#10;Capabilities {app: /tmp/tmp7aLtFM/ebay.apk, appPackage: com.ebay.kijiji.ca, databaseEnabled: false, desired: {app: /tmp/tmp7aLtFM/ebay.apk, deviceName: Google Pixel 3 XL GoogleAPI..., eventTimings: true, maxTypingFrequency: 8, newCommandTimeout: 0, noReset: true, noSign: true, orientation: PORTRAIT, platformName: Android, platformVersion: 9.0, proxy: {proxyAutoconfigUrl: http://127.0.0.1:19876/pac.js, proxyType: PAC}, udid: emulator-5554, webdriver.remote.quietExceptions: false}, deviceApiLevel: 28, deviceManufacturer: Google, deviceModel: Android SDK built for x86_64, deviceName: emulator-5554, deviceScreenDensity: 480, deviceScreenSize: 1440x2960, deviceUDID: emulator-5554, eventTimings: true, hasMetadata: true, javascriptEnabled: true, locationContextEnabled: false, maxTypingFrequency: 8, networkConnectionEnabled: true, newCommandTimeout: 0, noReset: true, noSign: true, orientation: PORTRAIT, pixelRatio: 3, platform: LINUX, platformName: Android, platformVersion: 9, proxy: Proxy(pac: http://127.0.0.1..., statBarHeight: 72, takesScreenshot: true, udid: emulator-5554, viewportRect: {height: 2744, left: 0, top: 72, width: 1440}, warnings: {}, webStorageEnabled: false, webdriver.remote.quietExceptions: false, webdriver.remote.sessionid: ebde8e29e6694b95b462f3bde75...}&#10;Session ID: ebde8e29e6694b95b462f3bde75e6d8f&#10;*** Element info: {Using=id, value=com.ebay.kijiji.ca:id/titleEditText}" type="org.openqa.selenium.NoSuchElementException">org.openqa.selenium.NoSuchElementException: 
An element could not be located on the page using the given search parameters. (WARNING: The server did not provide any stacktrace information)
Command duration or timeout: 0 milliseconds
For documentation on this error, please visit: https://www.seleniumhq.org/exceptions/no_such_element.html
Build info: version: '3.141.59', revision: 'e82be7d358', time: '2018-11-14T08:17:03'
System info: host: 'EN911114', ip: '172.20.81.11', os.name: 'Windows 10', os.arch: 'amd64', os.version: '10.0', java.version: '1.8.0_241'
Driver info: io.appium.java_client.android.AndroidDriver
Capabilities {app: /tmp/tmp7aLtFM/ebay.apk, appPackage: com.ebay.kijiji.ca, databaseEnabled: false, desired: {app: /tmp/tmp7aLtFM/ebay.apk, deviceName: Google Pixel 3 XL GoogleAPI..., eventTimings: true, maxTypingFrequency: 8, newCommandTimeout: 0, noReset: true, noSign: true, orientation: PORTRAIT, platformName: Android, platformVersion: 9.0, proxy: {proxyAutoconfigUrl: http://127.0.0.1:19876/pac.js, proxyType: PAC}, udid: emulator-5554, webdriver.remote.quietExceptions: false}, deviceApiLevel: 28, deviceManufacturer: Google, deviceModel: Android SDK built for x86_64, deviceName: emulator-5554, deviceScreenDensity: 480, deviceScreenSize: 1440x2960, deviceUDID: emulator-5554, eventTimings: true, hasMetadata: true, javascriptEnabled: true, locationContextEnabled: false, maxTypingFrequency: 8, networkConnectionEnabled: true, newCommandTimeout: 0, noReset: true, noSign: true, orientation: PORTRAIT, pixelRatio: 3, platform: LINUX, platformName: Android, platformVersion: 9, proxy: Proxy(pac: http://127.0.0.1..., statBarHeight: 72, takesScreenshot: true, udid: emulator-5554, viewportRect: {height: 2744, left: 0, top: 72, width: 1440}, warnings: {}, webStorageEnabled: false, webdriver.remote.quietExceptions: false, webdriver.remote.sessionid: ebde8e29e6694b95b462f3bde75...}
Session ID: ebde8e29e6694b95b462f3bde75e6d8f
*** Element info: {Using=id, value=com.ebay.kijiji.ca:id/titleEditText}
</error>
  </testcase>
</testsuite>